<?xml version="1.0" encoding="UTF-8"?>
<!-- Generated by org.testng.reporters.JUnitReportReporter -->
<testsuite skipped="0" hostname="DESKTOP-16G7NSG" name="vinsys.Assignment_Selenium.TitleWebPage" tests="1" failures="0" timestamp="2021-09-09T16:08:52 IST" time="8.799" errors="0">
  <testcase name="verifyTitle" time="8.799" classname="vinsys.Assignment_Selenium.TitleWebPage"/>
</testsuite> <!-- vinsys.Assignment_Selenium.TitleWebPage -->
